<?xml version="1.0" encoding="UTF-8"?>
<testsuite name="InstantToWorkingDateTest" tests="4" skipped="0" failures="0" errors="0" timestamp="2022-10-01T08:18:44" hostname="BIGLAPTOP" time="0.453">
  <properties/>
  <testcase name="should return the same day giving a not holiday at 10hrs()" classname="InstantToWorkingDateTest" time="0.438"/>
  <testcase name="should return same day plus 4 giving a thursday at 19 with friday holiday()" classname="InstantToWorkingDateTest" time="0.002"/>
  <testcase name="should return next day giving a not holiday at 19hrs()" classname="InstantToWorkingDateTest" time="0.003"/>
  <testcase name="should return String length of 8 chars convertible to Int with a valid instant()" classname="InstantToWorkingDateTest" time="0.007"/>
  <system-out><![CDATA[]]></system-out>
  <system-err><![CDATA[]]></system-err>
</testsuite>
